
events.js:160
      throw er; // Unhandled 'error' event
      ^
MongoError: failed to connect to server [localhost:27017] on first connect [MongoError: connect ECONNREFUSED 127.0.0.1:27017]
    at Pool.<anonymous> (C:\Users\chethan.mr\Documents\Visual Studio 2015\Projects\SuperHero\SuperHero\node_modules\mongodb-core\lib\topologies\server.js:327:35)
    at emitOne (events.js:96:13)
    at Pool.emit (events.js:188:7)
    at Connection.<anonymous> (C:\Users\chethan.mr\Documents\Visual Studio 2015\Projects\SuperHero\SuperHero\node_modules\mongodb-core\lib\connection\pool.js:274:12)
    at Connection.g (events.js:291:16)
    at emitTwo (events.js:106:13)
    at Connection.emit (events.js:191:7)
    at Socket.<anonymous> (C:\Users\chethan.mr\Documents\Visual Studio 2015\Projects\SuperHero\SuperHero\node_modules\mongodb-core\lib\connection\connection.js:177:49)
    at Socket.g (events.js:291:16)
    at emitOne (events.js:96:13)
    at Socket.emit (events.js:188:7)
    at emitErrorNT (net.js:1278:8)
    at _combinedTickCallback (internal/process/next_tick.js:74:11)
    at process._tickCallback (internal/process/next_tick.js:98:9)

events.js:160
      throw er; // Unhandled 'error' event
      ^
MongoError: failed to connect to server [localhost:27017] on first connect [MongoError: connect ECONNREFUSED 127.0.0.1:27017]
    at Pool.<anonymous> (C:\Users\chethan.mr\Documents\Visual Studio 2015\Projects\SuperHero\SuperHero\node_modules\mongodb-core\lib\topologies\server.js:327:35)
    at emitOne (events.js:96:13)
    at Pool.emit (events.js:188:7)
    at Connection.<anonymous> (C:\Users\chethan.mr\Documents\Visual Studio 2015\Projects\SuperHero\SuperHero\node_modules\mongodb-core\lib\connection\pool.js:274:12)
    at Connection.g (events.js:291:16)
    at emitTwo (events.js:106:13)
    at Connection.emit (events.js:191:7)
    at Socket.<anonymous> (C:\Users\chethan.mr\Documents\Visual Studio 2015\Projects\SuperHero\SuperHero\node_modules\mongodb-core\lib\connection\connection.js:177:49)
    at Socket.g (events.js:291:16)
    at emitOne (events.js:96:13)
    at Socket.emit (events.js:188:7)
    at emitErrorNT (net.js:1278:8)
    at _combinedTickCallback (internal/process/next_tick.js:74:11)
    at process._tickCallback (internal/process/next_tick.js:98:9)

events.js:160
      throw er; // Unhandled 'error' event
      ^
MongoError: failed to connect to server [localhost:27017] on first connect [MongoError: connect ECONNREFUSED 127.0.0.1:27017]
    at Pool.<anonymous> (C:\Users\chethan.mr\Documents\Visual Studio 2015\Projects\SuperHero\SuperHero\node_modules\mongodb-core\lib\topologies\server.js:327:35)
    at emitOne (events.js:96:13)
    at Pool.emit (events.js:188:7)
    at Connection.<anonymous> (C:\Users\chethan.mr\Documents\Visual Studio 2015\Projects\SuperHero\SuperHero\node_modules\mongodb-core\lib\connection\pool.js:274:12)
    at Connection.g (events.js:291:16)
    at emitTwo (events.js:106:13)
    at Connection.emit (events.js:191:7)
    at Socket.<anonymous> (C:\Users\chethan.mr\Documents\Visual Studio 2015\Projects\SuperHero\SuperHero\node_modules\mongodb-core\lib\connection\connection.js:177:49)
    at Socket.g (events.js:291:16)
    at emitOne (events.js:96:13)
    at Socket.emit (events.js:188:7)
    at emitErrorNT (net.js:1278:8)
    at _combinedTickCallback (internal/process/next_tick.js:74:11)
    at process._tickCallback (internal/process/next_tick.js:98:9)
C:\Users\chethan.mr\Documents\Visual Studio 2015\Projects\SuperHero\SuperHero\node_modules\node-windows\lib\wrapper.js:177
    child.send('shutdown');
         ^

TypeError: Cannot read property 'send' of null
    at process.killkid (C:\Users\chethan.mr\Documents\Visual Studio 2015\Projects\SuperHero\SuperHero\node_modules\node-windows\lib\wrapper.js:177:10)
    at emitOne (events.js:96:13)
    at process.emit (events.js:188:7)
    at process.exit (internal/process.js:146:15)
    at monitor (C:\Users\chethan.mr\Documents\Visual Studio 2015\Projects\SuperHero\SuperHero\node_modules\node-windows\lib\wrapper.js:99:17)
    at ChildProcess.<anonymous> (C:\Users\chethan.mr\Documents\Visual Studio 2015\Projects\SuperHero\SuperHero\node_modules\node-windows\lib\wrapper.js:170:5)
    at emitTwo (events.js:106:13)
    at ChildProcess.emit (events.js:191:7)
    at Process.ChildProcess._handle.onexit (internal/child_process.js:215:12)

events.js:160
      throw er; // Unhandled 'error' event
      ^
MongoError: failed to connect to server [localhost:27017] on first connect [MongoError: connect ECONNREFUSED 127.0.0.1:27017]
    at Pool.<anonymous> (C:\Users\chethan.mr\Documents\Visual Studio 2015\Projects\SuperHero\SuperHero\node_modules\mongodb-core\lib\topologies\server.js:327:35)
    at emitOne (events.js:96:13)
    at Pool.emit (events.js:188:7)
    at Connection.<anonymous> (C:\Users\chethan.mr\Documents\Visual Studio 2015\Projects\SuperHero\SuperHero\node_modules\mongodb-core\lib\connection\pool.js:274:12)
    at Connection.g (events.js:291:16)
    at emitTwo (events.js:106:13)
    at Connection.emit (events.js:191:7)
    at Socket.<anonymous> (C:\Users\chethan.mr\Documents\Visual Studio 2015\Projects\SuperHero\SuperHero\node_modules\mongodb-core\lib\connection\connection.js:177:49)
    at Socket.g (events.js:291:16)
    at emitOne (events.js:96:13)
    at Socket.emit (events.js:188:7)
    at emitErrorNT (net.js:1278:8)
    at _combinedTickCallback (internal/process/next_tick.js:74:11)
    at process._tickCallback (internal/process/next_tick.js:98:9)

events.js:160
      throw er; // Unhandled 'error' event
      ^
MongoError: failed to connect to server [localhost:27017] on first connect [MongoError: connect ECONNREFUSED 127.0.0.1:27017]
    at Pool.<anonymous> (C:\Users\chethan.mr\Documents\Visual Studio 2015\Projects\SuperHero\SuperHero\node_modules\mongodb-core\lib\topologies\server.js:327:35)
    at emitOne (events.js:96:13)
    at Pool.emit (events.js:188:7)
    at Connection.<anonymous> (C:\Users\chethan.mr\Documents\Visual Studio 2015\Projects\SuperHero\SuperHero\node_modules\mongodb-core\lib\connection\pool.js:274:12)
    at Connection.g (events.js:291:16)
    at emitTwo (events.js:106:13)
    at Connection.emit (events.js:191:7)
    at Socket.<anonymous> (C:\Users\chethan.mr\Documents\Visual Studio 2015\Projects\SuperHero\SuperHero\node_modules\mongodb-core\lib\connection\connection.js:177:49)
    at Socket.g (events.js:291:16)
    at emitOne (events.js:96:13)
    at Socket.emit (events.js:188:7)
    at emitErrorNT (net.js:1278:8)
    at _combinedTickCallback (internal/process/next_tick.js:74:11)
    at process._tickCallback (internal/process/next_tick.js:98:9)

events.js:160
      throw er; // Unhandled 'error' event
      ^
MongoError: failed to connect to server [localhost:27017] on first connect [MongoError: connect ECONNREFUSED 127.0.0.1:27017]
    at Pool.<anonymous> (C:\Users\chethan.mr\Documents\Visual Studio 2015\Projects\SuperHero\SuperHero\node_modules\mongodb-core\lib\topologies\server.js:327:35)
    at emitOne (events.js:96:13)
    at Pool.emit (events.js:188:7)
    at Connection.<anonymous> (C:\Users\chethan.mr\Documents\Visual Studio 2015\Projects\SuperHero\SuperHero\node_modules\mongodb-core\lib\connection\pool.js:274:12)
    at Connection.g (events.js:291:16)
    at emitTwo (events.js:106:13)
    at Connection.emit (events.js:191:7)
    at Socket.<anonymous> (C:\Users\chethan.mr\Documents\Visual Studio 2015\Projects\SuperHero\SuperHero\node_modules\mongodb-core\lib\connection\connection.js:177:49)
    at Socket.g (events.js:291:16)
    at emitOne (events.js:96:13)
    at Socket.emit (events.js:188:7)
    at emitErrorNT (net.js:1278:8)
    at _combinedTickCallback (internal/process/next_tick.js:74:11)
    at process._tickCallback (internal/process/next_tick.js:98:9)
C:\Users\chethan.mr\Documents\Visual Studio 2015\Projects\SuperHero\SuperHero\node_modules\node-windows\lib\wrapper.js:177
    child.send('shutdown');
         ^

TypeError: Cannot read property 'send' of null
    at process.killkid (C:\Users\chethan.mr\Documents\Visual Studio 2015\Projects\SuperHero\SuperHero\node_modules\node-windows\lib\wrapper.js:177:10)
    at emitOne (events.js:96:13)
    at process.emit (events.js:188:7)
    at process.exit (internal/process.js:146:15)
    at monitor (C:\Users\chethan.mr\Documents\Visual Studio 2015\Projects\SuperHero\SuperHero\node_modules\node-windows\lib\wrapper.js:99:17)
    at ChildProcess.<anonymous> (C:\Users\chethan.mr\Documents\Visual Studio 2015\Projects\SuperHero\SuperHero\node_modules\node-windows\lib\wrapper.js:170:5)
    at emitTwo (events.js:106:13)
    at ChildProcess.emit (events.js:191:7)
    at Process.ChildProcess._handle.onexit (internal/child_process.js:215:12)
Error: request entity too large
    at module.exports (C:\Users\chethan.mr\Documents\Visual Studio 2015\Projects\SuperHero\SuperHero\node_modules\raw-body\index.js:16:15)
    at Object.urlencoded [as handle] (C:\Users\chethan.mr\Documents\Visual Studio 2015\Projects\SuperHero\SuperHero\node_modules\connect\lib\middleware\urlencoded.js:58:5)
    at next (C:\Users\chethan.mr\Documents\Visual Studio 2015\Projects\SuperHero\SuperHero\node_modules\connect\lib\proto.js:193:15)
    at Object.json [as handle] (C:\Users\chethan.mr\Documents\Visual Studio 2015\Projects\SuperHero\SuperHero\node_modules\connect\lib\middleware\json.js:54:55)
    at next (C:\Users\chethan.mr\Documents\Visual Studio 2015\Projects\SuperHero\SuperHero\node_modules\connect\lib\proto.js:193:15)
    at Object.logger (C:\Users\chethan.mr\Documents\Visual Studio 2015\Projects\SuperHero\SuperHero\node_modules\connect\lib\middleware\logger.js:158:5)
    at next (C:\Users\chethan.mr\Documents\Visual Studio 2015\Projects\SuperHero\SuperHero\node_modules\connect\lib\proto.js:193:15)
    at Object.favicon [as handle] (C:\Users\chethan.mr\Documents\Visual Studio 2015\Projects\SuperHero\SuperHero\node_modules\connect\lib\middleware\favicon.js:77:7)
    at next (C:\Users\chethan.mr\Documents\Visual Studio 2015\Projects\SuperHero\SuperHero\node_modules\connect\lib\proto.js:193:15)
    at Object.expressInit [as handle] (C:\Users\chethan.mr\Documents\Visual Studio 2015\Projects\SuperHero\SuperHero\node_modules\express\lib\middleware.js:30:5)
    at next (C:\Users\chethan.mr\Documents\Visual Studio 2015\Projects\SuperHero\SuperHero\node_modules\connect\lib\proto.js:193:15)
    at Object.query [as handle] (C:\Users\chethan.mr\Documents\Visual Studio 2015\Projects\SuperHero\SuperHero\node_modules\connect\lib\middleware\query.js:44:5)
    at next (C:\Users\chethan.mr\Documents\Visual Studio 2015\Projects\SuperHero\SuperHero\node_modules\connect\lib\proto.js:193:15)
    at Function.app.handle (C:\Users\chethan.mr\Documents\Visual Studio 2015\Projects\SuperHero\SuperHero\node_modules\connect\lib\proto.js:201:3)
    at Server.app (C:\Users\chethan.mr\Documents\Visual Studio 2015\Projects\SuperHero\SuperHero\node_modules\connect\lib\connect.js:65:37)
    at emitTwo (events.js:106:13)
Error: request entity too large
    at module.exports (C:\Users\chethan.mr\Documents\Visual Studio 2015\Projects\SuperHero\SuperHero\node_modules\raw-body\index.js:16:15)
    at Object.urlencoded [as handle] (C:\Users\chethan.mr\Documents\Visual Studio 2015\Projects\SuperHero\SuperHero\node_modules\connect\lib\middleware\urlencoded.js:58:5)
    at next (C:\Users\chethan.mr\Documents\Visual Studio 2015\Projects\SuperHero\SuperHero\node_modules\connect\lib\proto.js:193:15)
    at Object.json [as handle] (C:\Users\chethan.mr\Documents\Visual Studio 2015\Projects\SuperHero\SuperHero\node_modules\connect\lib\middleware\json.js:54:55)
    at next (C:\Users\chethan.mr\Documents\Visual Studio 2015\Projects\SuperHero\SuperHero\node_modules\connect\lib\proto.js:193:15)
    at Object.logger (C:\Users\chethan.mr\Documents\Visual Studio 2015\Projects\SuperHero\SuperHero\node_modules\connect\lib\middleware\logger.js:158:5)
    at next (C:\Users\chethan.mr\Documents\Visual Studio 2015\Projects\SuperHero\SuperHero\node_modules\connect\lib\proto.js:193:15)
    at Object.favicon [as handle] (C:\Users\chethan.mr\Documents\Visual Studio 2015\Projects\SuperHero\SuperHero\node_modules\connect\lib\middleware\favicon.js:77:7)
    at next (C:\Users\chethan.mr\Documents\Visual Studio 2015\Projects\SuperHero\SuperHero\node_modules\connect\lib\proto.js:193:15)
    at Object.expressInit [as handle] (C:\Users\chethan.mr\Documents\Visual Studio 2015\Projects\SuperHero\SuperHero\node_modules\express\lib\middleware.js:30:5)
    at next (C:\Users\chethan.mr\Documents\Visual Studio 2015\Projects\SuperHero\SuperHero\node_modules\connect\lib\proto.js:193:15)
    at Object.query [as handle] (C:\Users\chethan.mr\Documents\Visual Studio 2015\Projects\SuperHero\SuperHero\node_modules\connect\lib\middleware\query.js:44:5)
    at next (C:\Users\chethan.mr\Documents\Visual Studio 2015\Projects\SuperHero\SuperHero\node_modules\connect\lib\proto.js:193:15)
    at Function.app.handle (C:\Users\chethan.mr\Documents\Visual Studio 2015\Projects\SuperHero\SuperHero\node_modules\connect\lib\proto.js:201:3)
    at Server.app (C:\Users\chethan.mr\Documents\Visual Studio 2015\Projects\SuperHero\SuperHero\node_modules\connect\lib\connect.js:65:37)
    at emitTwo (events.js:106:13)
Error: request entity too large
    at module.exports (C:\Users\chethan.mr\Documents\Visual Studio 2015\Projects\SuperHero\SuperHero\node_modules\raw-body\index.js:16:15)
    at Object.urlencoded [as handle] (C:\Users\chethan.mr\Documents\Visual Studio 2015\Projects\SuperHero\SuperHero\node_modules\connect\lib\middleware\urlencoded.js:58:5)
    at next (C:\Users\chethan.mr\Documents\Visual Studio 2015\Projects\SuperHero\SuperHero\node_modules\connect\lib\proto.js:193:15)
    at Object.json [as handle] (C:\Users\chethan.mr\Documents\Visual Studio 2015\Projects\SuperHero\SuperHero\node_modules\connect\lib\middleware\json.js:54:55)
    at next (C:\Users\chethan.mr\Documents\Visual Studio 2015\Projects\SuperHero\SuperHero\node_modules\connect\lib\proto.js:193:15)
    at Object.logger (C:\Users\chethan.mr\Documents\Visual Studio 2015\Projects\SuperHero\SuperHero\node_modules\connect\lib\middleware\logger.js:158:5)
    at next (C:\Users\chethan.mr\Documents\Visual Studio 2015\Projects\SuperHero\SuperHero\node_modules\connect\lib\proto.js:193:15)
    at Object.favicon [as handle] (C:\Users\chethan.mr\Documents\Visual Studio 2015\Projects\SuperHero\SuperHero\node_modules\connect\lib\middleware\favicon.js:77:7)
    at next (C:\Users\chethan.mr\Documents\Visual Studio 2015\Projects\SuperHero\SuperHero\node_modules\connect\lib\proto.js:193:15)
    at Object.expressInit [as handle] (C:\Users\chethan.mr\Documents\Visual Studio 2015\Projects\SuperHero\SuperHero\node_modules\express\lib\middleware.js:30:5)
    at next (C:\Users\chethan.mr\Documents\Visual Studio 2015\Projects\SuperHero\SuperHero\node_modules\connect\lib\proto.js:193:15)
    at Object.query [as handle] (C:\Users\chethan.mr\Documents\Visual Studio 2015\Projects\SuperHero\SuperHero\node_modules\connect\lib\middleware\query.js:44:5)
    at next (C:\Users\chethan.mr\Documents\Visual Studio 2015\Projects\SuperHero\SuperHero\node_modules\connect\lib\proto.js:193:15)
    at Function.app.handle (C:\Users\chethan.mr\Documents\Visual Studio 2015\Projects\SuperHero\SuperHero\node_modules\connect\lib\proto.js:201:3)
    at Server.app (C:\Users\chethan.mr\Documents\Visual Studio 2015\Projects\SuperHero\SuperHero\node_modules\connect\lib\connect.js:65:37)
    at emitTwo (events.js:106:13)
    at Server.emit (events.js:191:7)
Error: request entity too large
    at module.exports (C:\Users\chethan.mr\Documents\Visual Studio 2015\Projects\SuperHero\SuperHero\node_modules\raw-body\index.js:16:15)
    at Object.urlencoded [as handle] (C:\Users\chethan.mr\Documents\Visual Studio 2015\Projects\SuperHero\SuperHero\node_modules\connect\lib\middleware\urlencoded.js:58:5)
    at next (C:\Users\chethan.mr\Documents\Visual Studio 2015\Projects\SuperHero\SuperHero\node_modules\connect\lib\proto.js:193:15)
    at Object.json [as handle] (C:\Users\chethan.mr\Documents\Visual Studio 2015\Projects\SuperHero\SuperHero\node_modules\connect\lib\middleware\json.js:54:55)
    at next (C:\Users\chethan.mr\Documents\Visual Studio 2015\Projects\SuperHero\SuperHero\node_modules\connect\lib\proto.js:193:15)
    at Object.logger (C:\Users\chethan.mr\Documents\Visual Studio 2015\Projects\SuperHero\SuperHero\node_modules\connect\lib\middleware\logger.js:158:5)
    at next (C:\Users\chethan.mr\Documents\Visual Studio 2015\Projects\SuperHero\SuperHero\node_modules\connect\lib\proto.js:193:15)
    at Object.favicon [as handle] (C:\Users\chethan.mr\Documents\Visual Studio 2015\Projects\SuperHero\SuperHero\node_modules\connect\lib\middleware\favicon.js:77:7)
    at next (C:\Users\chethan.mr\Documents\Visual Studio 2015\Projects\SuperHero\SuperHero\node_modules\connect\lib\proto.js:193:15)
    at Object.expressInit [as handle] (C:\Users\chethan.mr\Documents\Visual Studio 2015\Projects\SuperHero\SuperHero\node_modules\express\lib\middleware.js:30:5)
    at next (C:\Users\chethan.mr\Documents\Visual Studio 2015\Projects\SuperHero\SuperHero\node_modules\connect\lib\proto.js:193:15)
    at Object.query [as handle] (C:\Users\chethan.mr\Documents\Visual Studio 2015\Projects\SuperHero\SuperHero\node_modules\connect\lib\middleware\query.js:44:5)
    at next (C:\Users\chethan.mr\Documents\Visual Studio 2015\Projects\SuperHero\SuperHero\node_modules\connect\lib\proto.js:193:15)
    at Function.app.handle (C:\Users\chethan.mr\Documents\Visual Studio 2015\Projects\SuperHero\SuperHero\node_modules\connect\lib\proto.js:201:3)
    at Server.app (C:\Users\chethan.mr\Documents\Visual Studio 2015\Projects\SuperHero\SuperHero\node_modules\connect\lib\connect.js:65:37)
    at emitTwo (events.js:106:13)
    at Server.emit (events.js:191:7)
Error: request entity too large
    at module.exports (C:\Users\chethan.mr\Documents\Visual Studio 2015\Projects\SuperHero\SuperHero\node_modules\raw-body\index.js:16:15)
    at Object.urlencoded [as handle] (C:\Users\chethan.mr\Documents\Visual Studio 2015\Projects\SuperHero\SuperHero\node_modules\connect\lib\middleware\urlencoded.js:58:5)
    at next (C:\Users\chethan.mr\Documents\Visual Studio 2015\Projects\SuperHero\SuperHero\node_modules\connect\lib\proto.js:193:15)
    at Object.json [as handle] (C:\Users\chethan.mr\Documents\Visual Studio 2015\Projects\SuperHero\SuperHero\node_modules\connect\lib\middleware\json.js:54:55)
    at next (C:\Users\chethan.mr\Documents\Visual Studio 2015\Projects\SuperHero\SuperHero\node_modules\connect\lib\proto.js:193:15)
    at Object.logger (C:\Users\chethan.mr\Documents\Visual Studio 2015\Projects\SuperHero\SuperHero\node_modules\connect\lib\middleware\logger.js:158:5)
    at next (C:\Users\chethan.mr\Documents\Visual Studio 2015\Projects\SuperHero\SuperHero\node_modules\connect\lib\proto.js:193:15)
    at Object.favicon [as handle] (C:\Users\chethan.mr\Documents\Visual Studio 2015\Projects\SuperHero\SuperHero\node_modules\connect\lib\middleware\favicon.js:77:7)
    at next (C:\Users\chethan.mr\Documents\Visual Studio 2015\Projects\SuperHero\SuperHero\node_modules\connect\lib\proto.js:193:15)
    at Object.expressInit [as handle] (C:\Users\chethan.mr\Documents\Visual Studio 2015\Projects\SuperHero\SuperHero\node_modules\express\lib\middleware.js:30:5)
    at next (C:\Users\chethan.mr\Documents\Visual Studio 2015\Projects\SuperHero\SuperHero\node_modules\connect\lib\proto.js:193:15)
    at Object.query [as handle] (C:\Users\chethan.mr\Documents\Visual Studio 2015\Projects\SuperHero\SuperHero\node_modules\connect\lib\middleware\query.js:44:5)
    at next (C:\Users\chethan.mr\Documents\Visual Studio 2015\Projects\SuperHero\SuperHero\node_modules\connect\lib\proto.js:193:15)
    at Function.app.handle (C:\Users\chethan.mr\Documents\Visual Studio 2015\Projects\SuperHero\SuperHero\node_modules\connect\lib\proto.js:201:3)
    at Server.app (C:\Users\chethan.mr\Documents\Visual Studio 2015\Projects\SuperHero\SuperHero\node_modules\connect\lib\connect.js:65:37)
    at emitTwo (events.js:106:13)
    at Server.emit (events.js:191:7)
Error: request entity too large
    at module.exports (C:\Users\chethan.mr\Documents\Visual Studio 2015\Projects\SuperHero\SuperHero\node_modules\raw-body\index.js:16:15)
    at Object.urlencoded [as handle] (C:\Users\chethan.mr\Documents\Visual Studio 2015\Projects\SuperHero\SuperHero\node_modules\connect\lib\middleware\urlencoded.js:58:5)
    at next (C:\Users\chethan.mr\Documents\Visual Studio 2015\Projects\SuperHero\SuperHero\node_modules\connect\lib\proto.js:193:15)
    at Object.json [as handle] (C:\Users\chethan.mr\Documents\Visual Studio 2015\Projects\SuperHero\SuperHero\node_modules\connect\lib\middleware\json.js:54:55)
    at next (C:\Users\chethan.mr\Documents\Visual Studio 2015\Projects\SuperHero\SuperHero\node_modules\connect\lib\proto.js:193:15)
    at Object.logger (C:\Users\chethan.mr\Documents\Visual Studio 2015\Projects\SuperHero\SuperHero\node_modules\connect\lib\middleware\logger.js:158:5)
    at next (C:\Users\chethan.mr\Documents\Visual Studio 2015\Projects\SuperHero\SuperHero\node_modules\connect\lib\proto.js:193:15)
    at Object.favicon [as handle] (C:\Users\chethan.mr\Documents\Visual Studio 2015\Projects\SuperHero\SuperHero\node_modules\connect\lib\middleware\favicon.js:77:7)
    at next (C:\Users\chethan.mr\Documents\Visual Studio 2015\Projects\SuperHero\SuperHero\node_modules\connect\lib\proto.js:193:15)
    at Object.expressInit [as handle] (C:\Users\chethan.mr\Documents\Visual Studio 2015\Projects\SuperHero\SuperHero\node_modules\express\lib\middleware.js:30:5)
    at next (C:\Users\chethan.mr\Documents\Visual Studio 2015\Projects\SuperHero\SuperHero\node_modules\connect\lib\proto.js:193:15)
    at Object.query [as handle] (C:\Users\chethan.mr\Documents\Visual Studio 2015\Projects\SuperHero\SuperHero\node_modules\connect\lib\middleware\query.js:44:5)
    at next (C:\Users\chethan.mr\Documents\Visual Studio 2015\Projects\SuperHero\SuperHero\node_modules\connect\lib\proto.js:193:15)
    at Function.app.handle (C:\Users\chethan.mr\Documents\Visual Studio 2015\Projects\SuperHero\SuperHero\node_modules\connect\lib\proto.js:201:3)
    at Server.app (C:\Users\chethan.mr\Documents\Visual Studio 2015\Projects\SuperHero\SuperHero\node_modules\connect\lib\connect.js:65:37)
    at emitTwo (events.js:106:13)
    at Server.emit (events.js:191:7)
Error: request entity too large
    at module.exports (C:\Users\chethan.mr\Documents\Visual Studio 2015\Projects\SuperHero\SuperHero\node_modules\raw-body\index.js:16:15)
    at Object.urlencoded [as handle] (C:\Users\chethan.mr\Documents\Visual Studio 2015\Projects\SuperHero\SuperHero\node_modules\connect\lib\middleware\urlencoded.js:58:5)
    at next (C:\Users\chethan.mr\Documents\Visual Studio 2015\Projects\SuperHero\SuperHero\node_modules\connect\lib\proto.js:193:15)
    at Object.json [as handle] (C:\Users\chethan.mr\Documents\Visual Studio 2015\Projects\SuperHero\SuperHero\node_modules\connect\lib\middleware\json.js:54:55)
    at next (C:\Users\chethan.mr\Documents\Visual Studio 2015\Projects\SuperHero\SuperHero\node_modules\connect\lib\proto.js:193:15)
    at Object.logger (C:\Users\chethan.mr\Documents\Visual Studio 2015\Projects\SuperHero\SuperHero\node_modules\connect\lib\middleware\logger.js:158:5)
    at next (C:\Users\chethan.mr\Documents\Visual Studio 2015\Projects\SuperHero\SuperHero\node_modules\connect\lib\proto.js:193:15)
    at Object.favicon [as handle] (C:\Users\chethan.mr\Documents\Visual Studio 2015\Projects\SuperHero\SuperHero\node_modules\connect\lib\middleware\favicon.js:77:7)
    at next (C:\Users\chethan.mr\Documents\Visual Studio 2015\Projects\SuperHero\SuperHero\node_modules\connect\lib\proto.js:193:15)
    at Object.expressInit [as handle] (C:\Users\chethan.mr\Documents\Visual Studio 2015\Projects\SuperHero\SuperHero\node_modules\express\lib\middleware.js:30:5)
    at next (C:\Users\chethan.mr\Documents\Visual Studio 2015\Projects\SuperHero\SuperHero\node_modules\connect\lib\proto.js:193:15)
    at Object.query [as handle] (C:\Users\chethan.mr\Documents\Visual Studio 2015\Projects\SuperHero\SuperHero\node_modules\connect\lib\middleware\query.js:44:5)
    at next (C:\Users\chethan.mr\Documents\Visual Studio 2015\Projects\SuperHero\SuperHero\node_modules\connect\lib\proto.js:193:15)
    at Function.app.handle (C:\Users\chethan.mr\Documents\Visual Studio 2015\Projects\SuperHero\SuperHero\node_modules\connect\lib\proto.js:201:3)
    at Server.app (C:\Users\chethan.mr\Documents\Visual Studio 2015\Projects\SuperHero\SuperHero\node_modules\connect\lib\connect.js:65:37)
    at emitTwo (events.js:106:13)
    at Server.emit (events.js:191:7)
Error: request entity too large
    at module.exports (C:\Users\chethan.mr\Documents\Visual Studio 2015\Projects\SuperHero\SuperHero\node_modules\raw-body\index.js:16:15)
    at Object.urlencoded [as handle] (C:\Users\chethan.mr\Documents\Visual Studio 2015\Projects\SuperHero\SuperHero\node_modules\connect\lib\middleware\urlencoded.js:58:5)
    at next (C:\Users\chethan.mr\Documents\Visual Studio 2015\Projects\SuperHero\SuperHero\node_modules\connect\lib\proto.js:193:15)
    at Object.json [as handle] (C:\Users\chethan.mr\Documents\Visual Studio 2015\Projects\SuperHero\SuperHero\node_modules\connect\lib\middleware\json.js:54:55)
    at next (C:\Users\chethan.mr\Documents\Visual Studio 2015\Projects\SuperHero\SuperHero\node_modules\connect\lib\proto.js:193:15)
    at Object.logger (C:\Users\chethan.mr\Documents\Visual Studio 2015\Projects\SuperHero\SuperHero\node_modules\connect\lib\middleware\logger.js:158:5)
    at next (C:\Users\chethan.mr\Documents\Visual Studio 2015\Projects\SuperHero\SuperHero\node_modules\connect\lib\proto.js:193:15)
    at Object.favicon [as handle] (C:\Users\chethan.mr\Documents\Visual Studio 2015\Projects\SuperHero\SuperHero\node_modules\connect\lib\middleware\favicon.js:77:7)
    at next (C:\Users\chethan.mr\Documents\Visual Studio 2015\Projects\SuperHero\SuperHero\node_modules\connect\lib\proto.js:193:15)
    at Object.expressInit [as handle] (C:\Users\chethan.mr\Documents\Visual Studio 2015\Projects\SuperHero\SuperHero\node_modules\express\lib\middleware.js:30:5)
    at next (C:\Users\chethan.mr\Documents\Visual Studio 2015\Projects\SuperHero\SuperHero\node_modules\connect\lib\proto.js:193:15)
    at Object.query [as handle] (C:\Users\chethan.mr\Documents\Visual Studio 2015\Projects\SuperHero\SuperHero\node_modules\connect\lib\middleware\query.js:44:5)
    at next (C:\Users\chethan.mr\Documents\Visual Studio 2015\Projects\SuperHero\SuperHero\node_modules\connect\lib\proto.js:193:15)
    at Function.app.handle (C:\Users\chethan.mr\Documents\Visual Studio 2015\Projects\SuperHero\SuperHero\node_modules\connect\lib\proto.js:201:3)
    at Server.app (C:\Users\chethan.mr\Documents\Visual Studio 2015\Projects\SuperHero\SuperHero\node_modules\connect\lib\connect.js:65:37)
    at emitTwo (events.js:106:13)
Error: request entity too large
    at module.exports (C:\Users\chethan.mr\Documents\Visual Studio 2015\Projects\SuperHero\SuperHero\node_modules\raw-body\index.js:16:15)
    at Object.urlencoded [as handle] (C:\Users\chethan.mr\Documents\Visual Studio 2015\Projects\SuperHero\SuperHero\node_modules\connect\lib\middleware\urlencoded.js:58:5)
    at next (C:\Users\chethan.mr\Documents\Visual Studio 2015\Projects\SuperHero\SuperHero\node_modules\connect\lib\proto.js:193:15)
    at Object.json [as handle] (C:\Users\chethan.mr\Documents\Visual Studio 2015\Projects\SuperHero\SuperHero\node_modules\connect\lib\middleware\json.js:54:55)
    at next (C:\Users\chethan.mr\Documents\Visual Studio 2015\Projects\SuperHero\SuperHero\node_modules\connect\lib\proto.js:193:15)
    at Object.logger (C:\Users\chethan.mr\Documents\Visual Studio 2015\Projects\SuperHero\SuperHero\node_modules\connect\lib\middleware\logger.js:158:5)
    at next (C:\Users\chethan.mr\Documents\Visual Studio 2015\Projects\SuperHero\SuperHero\node_modules\connect\lib\proto.js:193:15)
    at Object.favicon [as handle] (C:\Users\chethan.mr\Documents\Visual Studio 2015\Projects\SuperHero\SuperHero\node_modules\connect\lib\middleware\favicon.js:77:7)
    at next (C:\Users\chethan.mr\Documents\Visual Studio 2015\Projects\SuperHero\SuperHero\node_modules\connect\lib\proto.js:193:15)
    at Object.expressInit [as handle] (C:\Users\chethan.mr\Documents\Visual Studio 2015\Projects\SuperHero\SuperHero\node_modules\express\lib\middleware.js:30:5)
    at next (C:\Users\chethan.mr\Documents\Visual Studio 2015\Projects\SuperHero\SuperHero\node_modules\connect\lib\proto.js:193:15)
    at Object.query [as handle] (C:\Users\chethan.mr\Documents\Visual Studio 2015\Projects\SuperHero\SuperHero\node_modules\connect\lib\middleware\query.js:44:5)
    at next (C:\Users\chethan.mr\Documents\Visual Studio 2015\Projects\SuperHero\SuperHero\node_modules\connect\lib\proto.js:193:15)
    at Function.app.handle (C:\Users\chethan.mr\Documents\Visual Studio 2015\Projects\SuperHero\SuperHero\node_modules\connect\lib\proto.js:201:3)
    at Server.app (C:\Users\chethan.mr\Documents\Visual Studio 2015\Projects\SuperHero\SuperHero\node_modules\connect\lib\connect.js:65:37)
    at emitTwo (events.js:106:13)
Error: request entity too large
    at module.exports (C:\Users\chethan.mr\Documents\Visual Studio 2015\Projects\SuperHero\SuperHero\node_modules\raw-body\index.js:16:15)
    at Object.urlencoded [as handle] (C:\Users\chethan.mr\Documents\Visual Studio 2015\Projects\SuperHero\SuperHero\node_modules\connect\lib\middleware\urlencoded.js:58:5)
    at next (C:\Users\chethan.mr\Documents\Visual Studio 2015\Projects\SuperHero\SuperHero\node_modules\connect\lib\proto.js:193:15)
    at Object.json [as handle] (C:\Users\chethan.mr\Documents\Visual Studio 2015\Projects\SuperHero\SuperHero\node_modules\connect\lib\middleware\json.js:54:55)
    at next (C:\Users\chethan.mr\Documents\Visual Studio 2015\Projects\SuperHero\SuperHero\node_modules\connect\lib\proto.js:193:15)
    at Object.logger (C:\Users\chethan.mr\Documents\Visual Studio 2015\Projects\SuperHero\SuperHero\node_modules\connect\lib\middleware\logger.js:158:5)
    at next (C:\Users\chethan.mr\Documents\Visual Studio 2015\Projects\SuperHero\SuperHero\node_modules\connect\lib\proto.js:193:15)
    at Object.favicon [as handle] (C:\Users\chethan.mr\Documents\Visual Studio 2015\Projects\SuperHero\SuperHero\node_modules\connect\lib\middleware\favicon.js:77:7)
    at next (C:\Users\chethan.mr\Documents\Visual Studio 2015\Projects\SuperHero\SuperHero\node_modules\connect\lib\proto.js:193:15)
    at Object.expressInit [as handle] (C:\Users\chethan.mr\Documents\Visual Studio 2015\Projects\SuperHero\SuperHero\node_modules\express\lib\middleware.js:30:5)
    at next (C:\Users\chethan.mr\Documents\Visual Studio 2015\Projects\SuperHero\SuperHero\node_modules\connect\lib\proto.js:193:15)
    at Object.query [as handle] (C:\Users\chethan.mr\Documents\Visual Studio 2015\Projects\SuperHero\SuperHero\node_modules\connect\lib\middleware\query.js:44:5)
    at next (C:\Users\chethan.mr\Documents\Visual Studio 2015\Projects\SuperHero\SuperHero\node_modules\connect\lib\proto.js:193:15)
    at Function.app.handle (C:\Users\chethan.mr\Documents\Visual Studio 2015\Projects\SuperHero\SuperHero\node_modules\connect\lib\proto.js:201:3)
    at Server.app (C:\Users\chethan.mr\Documents\Visual Studio 2015\Projects\SuperHero\SuperHero\node_modules\connect\lib\connect.js:65:37)
    at emitTwo (events.js:106:13)
    at Server.emit (events.js:191:7)
Error: request entity too large
    at module.exports (C:\Users\chethan.mr\Documents\Visual Studio 2015\Projects\SuperHero\SuperHero\node_modules\raw-body\index.js:16:15)
    at Object.urlencoded [as handle] (C:\Users\chethan.mr\Documents\Visual Studio 2015\Projects\SuperHero\SuperHero\node_modules\connect\lib\middleware\urlencoded.js:58:5)
    at next (C:\Users\chethan.mr\Documents\Visual Studio 2015\Projects\SuperHero\SuperHero\node_modules\connect\lib\proto.js:193:15)
    at Object.json [as handle] (C:\Users\chethan.mr\Documents\Visual Studio 2015\Projects\SuperHero\SuperHero\node_modules\connect\lib\middleware\json.js:54:55)
    at next (C:\Users\chethan.mr\Documents\Visual Studio 2015\Projects\SuperHero\SuperHero\node_modules\connect\lib\proto.js:193:15)
    at Object.logger (C:\Users\chethan.mr\Documents\Visual Studio 2015\Projects\SuperHero\SuperHero\node_modules\connect\lib\middleware\logger.js:158:5)
    at next (C:\Users\chethan.mr\Documents\Visual Studio 2015\Projects\SuperHero\SuperHero\node_modules\connect\lib\proto.js:193:15)
    at Object.favicon [as handle] (C:\Users\chethan.mr\Documents\Visual Studio 2015\Projects\SuperHero\SuperHero\node_modules\connect\lib\middleware\favicon.js:77:7)
    at next (C:\Users\chethan.mr\Documents\Visual Studio 2015\Projects\SuperHero\SuperHero\node_modules\connect\lib\proto.js:193:15)
    at Object.expressInit [as handle] (C:\Users\chethan.mr\Documents\Visual Studio 2015\Projects\SuperHero\SuperHero\node_modules\express\lib\middleware.js:30:5)
    at next (C:\Users\chethan.mr\Documents\Visual Studio 2015\Projects\SuperHero\SuperHero\node_modules\connect\lib\proto.js:193:15)
    at Object.query [as handle] (C:\Users\chethan.mr\Documents\Visual Studio 2015\Projects\SuperHero\SuperHero\node_modules\connect\lib\middleware\query.js:44:5)
    at next (C:\Users\chethan.mr\Documents\Visual Studio 2015\Projects\SuperHero\SuperHero\node_modules\connect\lib\proto.js:193:15)
    at Function.app.handle (C:\Users\chethan.mr\Documents\Visual Studio 2015\Projects\SuperHero\SuperHero\node_modules\connect\lib\proto.js:201:3)
    at Server.app (C:\Users\chethan.mr\Documents\Visual Studio 2015\Projects\SuperHero\SuperHero\node_modules\connect\lib\connect.js:65:37)
    at emitTwo (events.js:106:13)
    at Server.emit (events.js:191:7)
Error: request entity too large
    at module.exports (C:\Users\chethan.mr\Documents\Visual Studio 2015\Projects\SuperHero\SuperHero\node_modules\raw-body\index.js:16:15)
    at Object.urlencoded [as handle] (C:\Users\chethan.mr\Documents\Visual Studio 2015\Projects\SuperHero\SuperHero\node_modules\connect\lib\middleware\urlencoded.js:58:5)
    at next (C:\Users\chethan.mr\Documents\Visual Studio 2015\Projects\SuperHero\SuperHero\node_modules\connect\lib\proto.js:193:15)
    at Object.json [as handle] (C:\Users\chethan.mr\Documents\Visual Studio 2015\Projects\SuperHero\SuperHero\node_modules\connect\lib\middleware\json.js:54:55)
    at next (C:\Users\chethan.mr\Documents\Visual Studio 2015\Projects\SuperHero\SuperHero\node_modules\connect\lib\proto.js:193:15)
    at Object.logger (C:\Users\chethan.mr\Documents\Visual Studio 2015\Projects\SuperHero\SuperHero\node_modules\connect\lib\middleware\logger.js:158:5)
    at next (C:\Users\chethan.mr\Documents\Visual Studio 2015\Projects\SuperHero\SuperHero\node_modules\connect\lib\proto.js:193:15)
    at Object.favicon [as handle] (C:\Users\chethan.mr\Documents\Visual Studio 2015\Projects\SuperHero\SuperHero\node_modules\connect\lib\middleware\favicon.js:77:7)
    at next (C:\Users\chethan.mr\Documents\Visual Studio 2015\Projects\SuperHero\SuperHero\node_modules\connect\lib\proto.js:193:15)
    at Object.expressInit [as handle] (C:\Users\chethan.mr\Documents\Visual Studio 2015\Projects\SuperHero\SuperHero\node_modules\express\lib\middleware.js:30:5)
    at next (C:\Users\chethan.mr\Documents\Visual Studio 2015\Projects\SuperHero\SuperHero\node_modules\connect\lib\proto.js:193:15)
    at Object.query [as handle] (C:\Users\chethan.mr\Documents\Visual Studio 2015\Projects\SuperHero\SuperHero\node_modules\connect\lib\middleware\query.js:44:5)
    at next (C:\Users\chethan.mr\Documents\Visual Studio 2015\Projects\SuperHero\SuperHero\node_modules\connect\lib\proto.js:193:15)
    at Function.app.handle (C:\Users\chethan.mr\Documents\Visual Studio 2015\Projects\SuperHero\SuperHero\node_modules\connect\lib\proto.js:201:3)
    at Server.app (C:\Users\chethan.mr\Documents\Visual Studio 2015\Projects\SuperHero\SuperHero\node_modules\connect\lib\connect.js:65:37)
    at emitTwo (events.js:106:13)
    at Server.emit (events.js:191:7)
Error: request entity too large
    at module.exports (C:\Users\chethan.mr\Documents\Visual Studio 2015\Projects\SuperHero\SuperHero\node_modules\raw-body\index.js:16:15)
    at Object.urlencoded [as handle] (C:\Users\chethan.mr\Documents\Visual Studio 2015\Projects\SuperHero\SuperHero\node_modules\connect\lib\middleware\urlencoded.js:58:5)
    at next (C:\Users\chethan.mr\Documents\Visual Studio 2015\Projects\SuperHero\SuperHero\node_modules\connect\lib\proto.js:193:15)
    at Object.json [as handle] (C:\Users\chethan.mr\Documents\Visual Studio 2015\Projects\SuperHero\SuperHero\node_modules\connect\lib\middleware\json.js:54:55)
    at next (C:\Users\chethan.mr\Documents\Visual Studio 2015\Projects\SuperHero\SuperHero\node_modules\connect\lib\proto.js:193:15)
    at Object.logger (C:\Users\chethan.mr\Documents\Visual Studio 2015\Projects\SuperHero\SuperHero\node_modules\connect\lib\middleware\logger.js:158:5)
    at next (C:\Users\chethan.mr\Documents\Visual Studio 2015\Projects\SuperHero\SuperHero\node_modules\connect\lib\proto.js:193:15)
    at Object.favicon [as handle] (C:\Users\chethan.mr\Documents\Visual Studio 2015\Projects\SuperHero\SuperHero\node_modules\connect\lib\middleware\favicon.js:77:7)
    at next (C:\Users\chethan.mr\Documents\Visual Studio 2015\Projects\SuperHero\SuperHero\node_modules\connect\lib\proto.js:193:15)
    at Object.expressInit [as handle] (C:\Users\chethan.mr\Documents\Visual Studio 2015\Projects\SuperHero\SuperHero\node_modules\express\lib\middleware.js:30:5)
    at next (C:\Users\chethan.mr\Documents\Visual Studio 2015\Projects\SuperHero\SuperHero\node_modules\connect\lib\proto.js:193:15)
    at Object.query [as handle] (C:\Users\chethan.mr\Documents\Visual Studio 2015\Projects\SuperHero\SuperHero\node_modules\connect\lib\middleware\query.js:44:5)
    at next (C:\Users\chethan.mr\Documents\Visual Studio 2015\Projects\SuperHero\SuperHero\node_modules\connect\lib\proto.js:193:15)
    at Function.app.handle (C:\Users\chethan.mr\Documents\Visual Studio 2015\Projects\SuperHero\SuperHero\node_modules\connect\lib\proto.js:201:3)
    at Server.app (C:\Users\chethan.mr\Documents\Visual Studio 2015\Projects\SuperHero\SuperHero\node_modules\connect\lib\connect.js:65:37)
    at emitTwo (events.js:106:13)
    at Server.emit (events.js:191:7)
Error: request entity too large
    at module.exports (C:\Users\chethan.mr\Documents\Visual Studio 2015\Projects\SuperHero\SuperHero\node_modules\raw-body\index.js:16:15)
    at Object.urlencoded [as handle] (C:\Users\chethan.mr\Documents\Visual Studio 2015\Projects\SuperHero\SuperHero\node_modules\connect\lib\middleware\urlencoded.js:58:5)
    at next (C:\Users\chethan.mr\Documents\Visual Studio 2015\Projects\SuperHero\SuperHero\node_modules\connect\lib\proto.js:193:15)
    at Object.json [as handle] (C:\Users\chethan.mr\Documents\Visual Studio 2015\Projects\SuperHero\SuperHero\node_modules\connect\lib\middleware\json.js:54:55)
    at next (C:\Users\chethan.mr\Documents\Visual Studio 2015\Projects\SuperHero\SuperHero\node_modules\connect\lib\proto.js:193:15)
    at Object.logger (C:\Users\chethan.mr\Documents\Visual Studio 2015\Projects\SuperHero\SuperHero\node_modules\connect\lib\middleware\logger.js:158:5)
    at next (C:\Users\chethan.mr\Documents\Visual Studio 2015\Projects\SuperHero\SuperHero\node_modules\connect\lib\proto.js:193:15)
    at Object.favicon [as handle] (C:\Users\chethan.mr\Documents\Visual Studio 2015\Projects\SuperHero\SuperHero\node_modules\connect\lib\middleware\favicon.js:77:7)
    at next (C:\Users\chethan.mr\Documents\Visual Studio 2015\Projects\SuperHero\SuperHero\node_modules\connect\lib\proto.js:193:15)
    at Object.expressInit [as handle] (C:\Users\chethan.mr\Documents\Visual Studio 2015\Projects\SuperHero\SuperHero\node_modules\express\lib\middleware.js:30:5)
    at next (C:\Users\chethan.mr\Documents\Visual Studio 2015\Projects\SuperHero\SuperHero\node_modules\connect\lib\proto.js:193:15)
    at Object.query [as handle] (C:\Users\chethan.mr\Documents\Visual Studio 2015\Projects\SuperHero\SuperHero\node_modules\connect\lib\middleware\query.js:44:5)
    at next (C:\Users\chethan.mr\Documents\Visual Studio 2015\Projects\SuperHero\SuperHero\node_modules\connect\lib\proto.js:193:15)
    at Function.app.handle (C:\Users\chethan.mr\Documents\Visual Studio 2015\Projects\SuperHero\SuperHero\node_modules\connect\lib\proto.js:201:3)
    at Server.app (C:\Users\chethan.mr\Documents\Visual Studio 2015\Projects\SuperHero\SuperHero\node_modules\connect\lib\connect.js:65:37)
    at emitTwo (events.js:106:13)
    at Server.emit (events.js:191:7)

events.js:160
      throw er; // Unhandled 'error' event
      ^
MongoError: failed to connect to server [localhost:27017] on first connect [MongoError: connect ECONNREFUSED 127.0.0.1:27017]
    at Pool.<anonymous> (C:\Users\chethan.mr\Documents\Visual Studio 2015\Projects\SuperHero\SuperHero\node_modules\mongodb-core\lib\topologies\server.js:327:35)
    at emitOne (events.js:96:13)
    at Pool.emit (events.js:188:7)
    at Connection.<anonymous> (C:\Users\chethan.mr\Documents\Visual Studio 2015\Projects\SuperHero\SuperHero\node_modules\mongodb-core\lib\connection\pool.js:274:12)
    at Connection.g (events.js:291:16)
    at emitTwo (events.js:106:13)
    at Connection.emit (events.js:191:7)
    at Socket.<anonymous> (C:\Users\chethan.mr\Documents\Visual Studio 2015\Projects\SuperHero\SuperHero\node_modules\mongodb-core\lib\connection\connection.js:177:49)
    at Socket.g (events.js:291:16)
    at emitOne (events.js:96:13)
    at Socket.emit (events.js:188:7)
    at emitErrorNT (net.js:1278:8)
    at _combinedTickCallback (internal/process/next_tick.js:74:11)
    at process._tickCallback (internal/process/next_tick.js:98:9)

events.js:160
      throw er; // Unhandled 'error' event
      ^
MongoError: failed to connect to server [localhost:27017] on first connect [MongoError: connect ECONNREFUSED 127.0.0.1:27017]
    at Pool.<anonymous> (C:\Users\chethan.mr\Documents\Visual Studio 2015\Projects\SuperHero\SuperHero\node_modules\mongodb-core\lib\topologies\server.js:327:35)
    at emitOne (events.js:96:13)
    at Pool.emit (events.js:188:7)
    at Connection.<anonymous> (C:\Users\chethan.mr\Documents\Visual Studio 2015\Projects\SuperHero\SuperHero\node_modules\mongodb-core\lib\connection\pool.js:274:12)
    at Connection.g (events.js:291:16)
    at emitTwo (events.js:106:13)
    at Connection.emit (events.js:191:7)
    at Socket.<anonymous> (C:\Users\chethan.mr\Documents\Visual Studio 2015\Projects\SuperHero\SuperHero\node_modules\mongodb-core\lib\connection\connection.js:177:49)
    at Socket.g (events.js:291:16)
    at emitOne (events.js:96:13)
    at Socket.emit (events.js:188:7)
    at emitErrorNT (net.js:1278:8)
    at _combinedTickCallback (internal/process/next_tick.js:74:11)
    at process._tickCallback (internal/process/next_tick.js:98:9)

events.js:160
      throw er; // Unhandled 'error' event
      ^
MongoError: failed to connect to server [localhost:27017] on first connect [MongoError: connect ECONNREFUSED 127.0.0.1:27017]
    at Pool.<anonymous> (C:\Users\chethan.mr\Documents\Visual Studio 2015\Projects\SuperHero\SuperHero\node_modules\mongodb-core\lib\topologies\server.js:327:35)
    at emitOne (events.js:96:13)
    at Pool.emit (events.js:188:7)
    at Connection.<anonymous> (C:\Users\chethan.mr\Documents\Visual Studio 2015\Projects\SuperHero\SuperHero\node_modules\mongodb-core\lib\connection\pool.js:274:12)
    at Connection.g (events.js:291:16)
    at emitTwo (events.js:106:13)
    at Connection.emit (events.js:191:7)
    at Socket.<anonymous> (C:\Users\chethan.mr\Documents\Visual Studio 2015\Projects\SuperHero\SuperHero\node_modules\mongodb-core\lib\connection\connection.js:177:49)
    at Socket.g (events.js:291:16)
    at emitOne (events.js:96:13)
    at Socket.emit (events.js:188:7)
    at emitErrorNT (net.js:1278:8)
    at _combinedTickCallback (internal/process/next_tick.js:74:11)
    at process._tickCallback (internal/process/next_tick.js:98:9)
C:\Users\chethan.mr\Documents\Visual Studio 2015\Projects\SuperHero\SuperHero\node_modules\node-windows\lib\wrapper.js:177
    child.send('shutdown');
         ^

TypeError: Cannot read property 'send' of null
    at process.killkid (C:\Users\chethan.mr\Documents\Visual Studio 2015\Projects\SuperHero\SuperHero\node_modules\node-windows\lib\wrapper.js:177:10)
    at emitOne (events.js:96:13)
    at process.emit (events.js:188:7)
    at process.exit (internal/process.js:146:15)
    at monitor (C:\Users\chethan.mr\Documents\Visual Studio 2015\Projects\SuperHero\SuperHero\node_modules\node-windows\lib\wrapper.js:99:17)
    at ChildProcess.<anonymous> (C:\Users\chethan.mr\Documents\Visual Studio 2015\Projects\SuperHero\SuperHero\node_modules\node-windows\lib\wrapper.js:170:5)
    at emitTwo (events.js:106:13)
    at ChildProcess.emit (events.js:191:7)
    at Process.ChildProcess._handle.onexit (internal/child_process.js:215:12)
Error: request entity too large
    at module.exports (C:\Users\chethan.mr\Documents\Visual Studio 2015\Projects\SuperHero\SuperHero\node_modules\raw-body\index.js:16:15)
    at Object.urlencoded [as handle] (C:\Users\chethan.mr\Documents\Visual Studio 2015\Projects\SuperHero\SuperHero\node_modules\connect\lib\middleware\urlencoded.js:58:5)
    at next (C:\Users\chethan.mr\Documents\Visual Studio 2015\Projects\SuperHero\SuperHero\node_modules\connect\lib\proto.js:193:15)
    at Object.json [as handle] (C:\Users\chethan.mr\Documents\Visual Studio 2015\Projects\SuperHero\SuperHero\node_modules\connect\lib\middleware\json.js:54:55)
    at next (C:\Users\chethan.mr\Documents\Visual Studio 2015\Projects\SuperHero\SuperHero\node_modules\connect\lib\proto.js:193:15)
    at Object.logger (C:\Users\chethan.mr\Documents\Visual Studio 2015\Projects\SuperHero\SuperHero\node_modules\connect\lib\middleware\logger.js:158:5)
    at next (C:\Users\chethan.mr\Documents\Visual Studio 2015\Projects\SuperHero\SuperHero\node_modules\connect\lib\proto.js:193:15)
    at Object.favicon [as handle] (C:\Users\chethan.mr\Documents\Visual Studio 2015\Projects\SuperHero\SuperHero\node_modules\connect\lib\middleware\favicon.js:77:7)
    at next (C:\Users\chethan.mr\Documents\Visual Studio 2015\Projects\SuperHero\SuperHero\node_modules\connect\lib\proto.js:193:15)
    at Object.handle (C:\Users\chethan.mr\Documents\Visual Studio 2015\Projects\SuperHero\SuperHero\app.js:21:5)
    at next (C:\Users\chethan.mr\Documents\Visual Studio 2015\Projects\SuperHero\SuperHero\node_modules\connect\lib\proto.js:193:15)
    at Object.expressInit [as handle] (C:\Users\chethan.mr\Documents\Visual Studio 2015\Projects\SuperHero\SuperHero\node_modules\express\lib\middleware.js:30:5)
    at next (C:\Users\chethan.mr\Documents\Visual Studio 2015\Projects\SuperHero\SuperHero\node_modules\connect\lib\proto.js:193:15)
    at Object.query [as handle] (C:\Users\chethan.mr\Documents\Visual Studio 2015\Projects\SuperHero\SuperHero\node_modules\connect\lib\middleware\query.js:44:5)
    at next (C:\Users\chethan.mr\Documents\Visual Studio 2015\Projects\SuperHero\SuperHero\node_modules\connect\lib\proto.js:193:15)
    at Function.app.handle (C:\Users\chethan.mr\Documents\Visual Studio 2015\Projects\SuperHero\SuperHero\node_modules\connect\lib\proto.js:201:3)

events.js:160
      throw er; // Unhandled 'error' event
      ^
DisconnectedError: Ran out of retries trying to reconnect to "localhost:27017". Try setting `server.reconnectTries` and `server.reconnectInterval` to something higher.
    at MongooseError.DisconnectedError (C:\Users\chethan.mr\Documents\Visual Studio 2015\Projects\SuperHero\SuperHero\node_modules\mongoose\lib\error\disconnected.js:21:11)
    at Server.<anonymous> (C:\Users\chethan.mr\Documents\Visual Studio 2015\Projects\SuperHero\SuperHero\node_modules\mongoose\lib\drivers\node-mongodb-native\connection.js:64:31)
    at emitOne (events.js:101:20)
    at Server.emit (events.js:188:7)
    at Pool.<anonymous> (C:\Users\chethan.mr\Documents\Visual Studio 2015\Projects\SuperHero\SuperHero\node_modules\mongodb-core\lib\topologies\server.js:318:16)
    at emitOne (events.js:96:13)
    at Pool.emit (events.js:188:7)
    at Connection.<anonymous> (C:\Users\chethan.mr\Documents\Visual Studio 2015\Projects\SuperHero\SuperHero\node_modules\mongodb-core\lib\connection\pool.js:309:16)
    at emitTwo (events.js:106:13)
    at Connection.emit (events.js:191:7)
    at Socket.<anonymous> (C:\Users\chethan.mr\Documents\Visual Studio 2015\Projects\SuperHero\SuperHero\node_modules\mongodb-core\lib\connection\connection.js:177:49)
    at Socket.g (events.js:291:16)
    at emitOne (events.js:96:13)
    at Socket.emit (events.js:188:7)
    at emitErrorNT (net.js:1278:8)
    at _combinedTickCallback (internal/process/next_tick.js:74:11)
    at process._tickCallback (internal/process/next_tick.js:98:9)

events.js:160
      throw er; // Unhandled 'error' event
      ^
MongoError: failed to connect to server [localhost:27017] on first connect [MongoError: connect ECONNREFUSED 127.0.0.1:27017]
    at Pool.<anonymous> (C:\Users\chethan.mr\Documents\Visual Studio 2015\Projects\SuperHero\SuperHero\node_modules\mongodb-core\lib\topologies\server.js:327:35)
    at emitOne (events.js:96:13)
    at Pool.emit (events.js:188:7)
    at Connection.<anonymous> (C:\Users\chethan.mr\Documents\Visual Studio 2015\Projects\SuperHero\SuperHero\node_modules\mongodb-core\lib\connection\pool.js:274:12)
    at Connection.g (events.js:291:16)
    at emitTwo (events.js:106:13)
    at Connection.emit (events.js:191:7)
    at Socket.<anonymous> (C:\Users\chethan.mr\Documents\Visual Studio 2015\Projects\SuperHero\SuperHero\node_modules\mongodb-core\lib\connection\connection.js:177:49)
    at Socket.g (events.js:291:16)
    at emitOne (events.js:96:13)
    at Socket.emit (events.js:188:7)
    at emitErrorNT (net.js:1278:8)
    at _combinedTickCallback (internal/process/next_tick.js:74:11)
    at process._tickCallback (internal/process/next_tick.js:98:9)

events.js:160
      throw er; // Unhandled 'error' event
      ^
MongoError: failed to connect to server [localhost:27017] on first connect [MongoError: connect ECONNREFUSED 127.0.0.1:27017]
    at Pool.<anonymous> (C:\Users\chethan.mr\Documents\Visual Studio 2015\Projects\SuperHero\SuperHero\node_modules\mongodb-core\lib\topologies\server.js:327:35)
    at emitOne (events.js:96:13)
    at Pool.emit (events.js:188:7)
    at Connection.<anonymous> (C:\Users\chethan.mr\Documents\Visual Studio 2015\Projects\SuperHero\SuperHero\node_modules\mongodb-core\lib\connection\pool.js:274:12)
    at Connection.g (events.js:291:16)
    at emitTwo (events.js:106:13)
    at Connection.emit (events.js:191:7)
    at Socket.<anonymous> (C:\Users\chethan.mr\Documents\Visual Studio 2015\Projects\SuperHero\SuperHero\node_modules\mongodb-core\lib\connection\connection.js:177:49)
    at Socket.g (events.js:291:16)
    at emitOne (events.js:96:13)
    at Socket.emit (events.js:188:7)
    at emitErrorNT (net.js:1278:8)
    at _combinedTickCallback (internal/process/next_tick.js:74:11)
    at process._tickCallback (internal/process/next_tick.js:98:9)

events.js:160
      throw er; // Unhandled 'error' event
      ^
MongoError: failed to connect to server [localhost:27017] on first connect [MongoError: connect ECONNREFUSED ::1:27017]
    at Pool.<anonymous> (C:\Users\chethan.mr\Documents\Visual Studio 2015\Projects\SuperHero\SuperHero\node_modules\mongodb-core\lib\topologies\server.js:327:35)
    at emitOne (events.js:96:13)
    at Pool.emit (events.js:188:7)
    at Connection.<anonymous> (C:\Users\chethan.mr\Documents\Visual Studio 2015\Projects\SuperHero\SuperHero\node_modules\mongodb-core\lib\connection\pool.js:274:12)
    at Connection.g (events.js:291:16)
    at emitTwo (events.js:106:13)
    at Connection.emit (events.js:191:7)
    at Socket.<anonymous> (C:\Users\chethan.mr\Documents\Visual Studio 2015\Projects\SuperHero\SuperHero\node_modules\mongodb-core\lib\connection\connection.js:177:49)
    at Socket.g (events.js:291:16)
    at emitOne (events.js:96:13)
    at Socket.emit (events.js:188:7)
    at emitErrorNT (net.js:1278:8)
    at _combinedTickCallback (internal/process/next_tick.js:74:11)
    at process._tickCallback (internal/process/next_tick.js:98:9)

events.js:160
      throw er; // Unhandled 'error' event
      ^
MongoError: failed to connect to server [localhost:27017] on first connect [MongoError: connect ECONNREFUSED 127.0.0.1:27017]
    at Pool.<anonymous> (C:\Users\chethan.mr\Documents\Visual Studio 2015\Projects\SuperHero\SuperHero\node_modules\mongodb-core\lib\topologies\server.js:327:35)
    at emitOne (events.js:96:13)
    at Pool.emit (events.js:188:7)
    at Connection.<anonymous> (C:\Users\chethan.mr\Documents\Visual Studio 2015\Projects\SuperHero\SuperHero\node_modules\mongodb-core\lib\connection\pool.js:274:12)
    at Connection.g (events.js:291:16)
    at emitTwo (events.js:106:13)
    at Connection.emit (events.js:191:7)
    at Socket.<anonymous> (C:\Users\chethan.mr\Documents\Visual Studio 2015\Projects\SuperHero\SuperHero\node_modules\mongodb-core\lib\connection\connection.js:177:49)
    at Socket.g (events.js:291:16)
    at emitOne (events.js:96:13)
    at Socket.emit (events.js:188:7)
    at emitErrorNT (net.js:1278:8)
    at _combinedTickCallback (internal/process/next_tick.js:74:11)
    at process._tickCallback (internal/process/next_tick.js:98:9)

events.js:160
      throw er; // Unhandled 'error' event
      ^
MongoError: failed to connect to server [localhost:27017] on first connect [MongoError: connect ECONNREFUSED 127.0.0.1:27017]
    at Pool.<anonymous> (C:\Users\chethan.mr\Documents\Visual Studio 2015\Projects\SuperHero\SuperHero\node_modules\mongodb-core\lib\topologies\server.js:327:35)
    at emitOne (events.js:96:13)
    at Pool.emit (events.js:188:7)
    at Connection.<anonymous> (C:\Users\chethan.mr\Documents\Visual Studio 2015\Projects\SuperHero\SuperHero\node_modules\mongodb-core\lib\connection\pool.js:274:12)
    at Connection.g (events.js:291:16)
    at emitTwo (events.js:106:13)
    at Connection.emit (events.js:191:7)
    at Socket.<anonymous> (C:\Users\chethan.mr\Documents\Visual Studio 2015\Projects\SuperHero\SuperHero\node_modules\mongodb-core\lib\connection\connection.js:177:49)
    at Socket.g (events.js:291:16)
    at emitOne (events.js:96:13)
    at Socket.emit (events.js:188:7)
    at emitErrorNT (net.js:1278:8)
    at _combinedTickCallback (internal/process/next_tick.js:74:11)
    at process._tickCallback (internal/process/next_tick.js:98:9)

events.js:160
      throw er; // Unhandled 'error' event
      ^
MongoError: failed to connect to server [localhost:27017] on first connect [MongoError: connect ECONNREFUSED 127.0.0.1:27017]
    at Pool.<anonymous> (C:\Users\chethan.mr\Documents\Visual Studio 2015\Projects\SuperHero\SuperHero\node_modules\mongodb-core\lib\topologies\server.js:327:35)
    at emitOne (events.js:96:13)
    at Pool.emit (events.js:188:7)
    at Connection.<anonymous> (C:\Users\chethan.mr\Documents\Visual Studio 2015\Projects\SuperHero\SuperHero\node_modules\mongodb-core\lib\connection\pool.js:274:12)
    at Connection.g (events.js:291:16)
    at emitTwo (events.js:106:13)
    at Connection.emit (events.js:191:7)
    at Socket.<anonymous> (C:\Users\chethan.mr\Documents\Visual Studio 2015\Projects\SuperHero\SuperHero\node_modules\mongodb-core\lib\connection\connection.js:177:49)
    at Socket.g (events.js:291:16)
    at emitOne (events.js:96:13)
    at Socket.emit (events.js:188:7)
    at emitErrorNT (net.js:1278:8)
    at _combinedTickCallback (internal/process/next_tick.js:74:11)
    at process._tickCallback (internal/process/next_tick.js:98:9)
C:\Users\chethan.mr\Documents\Visual Studio 2015\Projects\SuperHero\SuperHero\node_modules\node-windows\lib\wrapper.js:177
    child.send('shutdown');
         ^

TypeError: Cannot read property 'send' of null
    at process.killkid (C:\Users\chethan.mr\Documents\Visual Studio 2015\Projects\SuperHero\SuperHero\node_modules\node-windows\lib\wrapper.js:177:10)
    at emitOne (events.js:96:13)
    at process.emit (events.js:188:7)
    at process.exit (internal/process.js:146:15)
    at monitor (C:\Users\chethan.mr\Documents\Visual Studio 2015\Projects\SuperHero\SuperHero\node_modules\node-windows\lib\wrapper.js:99:17)
    at ChildProcess.<anonymous> (C:\Users\chethan.mr\Documents\Visual Studio 2015\Projects\SuperHero\SuperHero\node_modules\node-windows\lib\wrapper.js:170:5)
    at emitTwo (events.js:106:13)
    at ChildProcess.emit (events.js:191:7)
    at Process.ChildProcess._handle.onexit (internal/child_process.js:215:12)
